Compiling the C compiler identification source file "CMakeCCompilerId.c" failed.
Compiler:  
Build flags: 
Id flags:  

The output was:
1

Microsoft (R) Visual Studio 9.0.30729.1 版。
版权所有(C) Microsoft Corp。保留所有权利。

要求正数。
参数名: culture
解决方案配置无效

用法: 
devenv  [solutionfile | projectfile | anyfile.ext]  [switches]

devenv 的第一个参数通常是一个解决方案文件或项目文件。
如果您希望在编辑器中自动打开文件，
也可以使用任何其他文件作为第一个参数。当您输入项目文件时，IDE
会在项目文件的父目录中查找与该项目文件具有相同
基名称的 .sln 文件。如果不存在这样的 .sln 文件，
IDE 将查找引用该项目的单个 .sln 文件。如果不存在这样的单个
.sln 文件，则 IDE 将创建一个具有默认 .sln 文件名的未保存
的解决方案，其基名称与项目文件的基名称相同。

命令行生成:
devenv solutionfile.sln /build [ solutionconfig ] [ /project projectnameorfile [ /projectconfig name ] ]
可用的命令行开关:

/Build		使用指定的解决方案配置生成解决方案或
		项目。例如“Debug”。如果可能存在多个平台，
		则配置名称必须用引号括起来
		并且包含平台名称。例如“Debug|Win32”。
/Clean		删除生成结果。
/Command	启动 IDE 并执行该命令。
/Deploy		生成并部署指定的生成配置。
/Edit		在此应用程序的运行实例中打开
		指定文件。如果没有正在运行的实例，
		则启动一个具有简化窗口布局的新实例。 
/LCID		设置 IDE 中用于用户界面的默认语言。
/Log		将 IDE 活动记录到指定的文件以用于故障排除。
/NoVSIP		禁用用于 VSIP 测试的 VSIP 开发人员许可证密钥。
/Out		将生成日志追加到指定的文件中。
/Project	指定生成、清理或部署的项目。
		必须和 /Build、/Rebuild、/Clean 或 /Deploy 一起使用。
/ProjectConfig	重写解决方案
		配置中指定的项目配置。例如“Debug”。如果可能存在
		多个平台，则配置名称必须用引号括起来
		并包含平台名称。例如“Debug|Win32”。
		必须和 /Project 一起使用。
/Rebuild	先清理，然后使用指定配置生成
		解决方案或项目。
/ResetAddin	移除与特定外接程序关联的命令和命令用户界面。
/ResetSettings	恢复 IDE 的默认设置，还可以重置为
		指定的 VSSettings 文件。
/ResetSkipPkgs	清除所有添加到 VSPackages 的 SkipLoading 标记。
/Run		编译并运行指定的解决方案。
/RunExit	编译并运行指定的解决方案然后关闭 IDE。
/SafeMode	以安全模式启动 IDE，加载最少数量的窗口。
/Upgrade	升级项目或解决方案以及其中的所有项目。
		并相应地创建这些文件的备份。有关备份
		过程的更多信息，请参见
		“Visual Studio 转换向导”上的帮助。

产品特定的开关: 


要从命令行附加调试器，请使用: 
	VsJITDebugger.exe -p <pid>


Compiling the C compiler identification source file "CMakeCCompilerId.c" failed.
Compiler:  
Build flags: 
Id flags:  

The output was:
1

Microsoft (R) Visual Studio 9.0.30729.1 版。
版权所有(C) Microsoft Corp。保留所有权利。

要求正数。
参数名: culture
解决方案配置无效

用法: 
devenv  [solutionfile | projectfile | anyfile.ext]  [switches]

devenv 的第一个参数通常是一个解决方案文件或项目文件。
如果您希望在编辑器中自动打开文件，
也可以使用任何其他文件作为第一个参数。当您输入项目文件时，IDE
会在项目文件的父目录中查找与该项目文件具有相同
基名称的 .sln 文件。如果不存在这样的 .sln 文件，
IDE 将查找引用该项目的单个 .sln 文件。如果不存在这样的单个
.sln 文件，则 IDE 将创建一个具有默认 .sln 文件名的未保存
的解决方案，其基名称与项目文件的基名称相同。

命令行生成:
devenv solutionfile.sln /build [ solutionconfig ] [ /project projectnameorfile [ /projectconfig name ] ]
可用的命令行开关:

/Build		使用指定的解决方案配置生成解决方案或
		项目。例如“Debug”。如果可能存在多个平台，
		则配置名称必须用引号括起来
		并且包含平台名称。例如“Debug|Win32”。
/Clean		删除生成结果。
/Command	启动 IDE 并执行该命令。
/Deploy		生成并部署指定的生成配置。
/Edit		在此应用程序的运行实例中打开
		指定文件。如果没有正在运行的实例，
		则启动一个具有简化窗口布局的新实例。 
/LCID		设置 IDE 中用于用户界面的默认语言。
/Log		将 IDE 活动记录到指定的文件以用于故障排除。
/NoVSIP		禁用用于 VSIP 测试的 VSIP 开发人员许可证密钥。
/Out		将生成日志追加到指定的文件中。
/Project	指定生成、清理或部署的项目。
		必须和 /Build、/Rebuild、/Clean 或 /Deploy 一起使用。
/ProjectConfig	重写解决方案
		配置中指定的项目配置。例如“Debug”。如果可能存在
		多个平台，则配置名称必须用引号括起来
		并包含平台名称。例如“Debug|Win32”。
		必须和 /Project 一起使用。
/Rebuild	先清理，然后使用指定配置生成
		解决方案或项目。
/ResetAddin	移除与特定外接程序关联的命令和命令用户界面。
/ResetSettings	恢复 IDE 的默认设置，还可以重置为
		指定的 VSSettings 文件。
/ResetSkipPkgs	清除所有添加到 VSPackages 的 SkipLoading 标记。
/Run		编译并运行指定的解决方案。
/RunExit	编译并运行指定的解决方案然后关闭 IDE。
/SafeMode	以安全模式启动 IDE，加载最少数量的窗口。
/Upgrade	升级项目或解决方案以及其中的所有项目。
		并相应地创建这些文件的备份。有关备份
		过程的更多信息，请参见
		“Visual Studio 转换向导”上的帮助。

产品特定的开关: 


要从命令行附加调试器，请使用: 
	VsJITDebugger.exe -p <pid>


Compiling the CXX compiler identification source file "CMakeCXXCompilerId.cpp" failed.
Compiler:  
Build flags: 
Id flags:  

The output was:
1

Microsoft (R) Visual Studio 9.0.30729.1 版。
版权所有(C) Microsoft Corp。保留所有权利。

要求正数。
参数名: culture
解决方案配置无效

用法: 
devenv  [solutionfile | projectfile | anyfile.ext]  [switches]

devenv 的第一个参数通常是一个解决方案文件或项目文件。
如果您希望在编辑器中自动打开文件，
也可以使用任何其他文件作为第一个参数。当您输入项目文件时，IDE
会在项目文件的父目录中查找与该项目文件具有相同
基名称的 .sln 文件。如果不存在这样的 .sln 文件，
IDE 将查找引用该项目的单个 .sln 文件。如果不存在这样的单个
.sln 文件，则 IDE 将创建一个具有默认 .sln 文件名的未保存
的解决方案，其基名称与项目文件的基名称相同。

命令行生成:
devenv solutionfile.sln /build [ solutionconfig ] [ /project projectnameorfile [ /projectconfig name ] ]
可用的命令行开关:

/Build		使用指定的解决方案配置生成解决方案或
		项目。例如“Debug”。如果可能存在多个平台，
		则配置名称必须用引号括起来
		并且包含平台名称。例如“Debug|Win32”。
/Clean		删除生成结果。
/Command	启动 IDE 并执行该命令。
/Deploy		生成并部署指定的生成配置。
/Edit		在此应用程序的运行实例中打开
		指定文件。如果没有正在运行的实例，
		则启动一个具有简化窗口布局的新实例。 
/LCID		设置 IDE 中用于用户界面的默认语言。
/Log		将 IDE 活动记录到指定的文件以用于故障排除。
/NoVSIP		禁用用于 VSIP 测试的 VSIP 开发人员许可证密钥。
/Out		将生成日志追加到指定的文件中。
/Project	指定生成、清理或部署的项目。
		必须和 /Build、/Rebuild、/Clean 或 /Deploy 一起使用。
/ProjectConfig	重写解决方案
		配置中指定的项目配置。例如“Debug”。如果可能存在
		多个平台，则配置名称必须用引号括起来
		并包含平台名称。例如“Debug|Win32”。
		必须和 /Project 一起使用。
/Rebuild	先清理，然后使用指定配置生成
		解决方案或项目。
/ResetAddin	移除与特定外接程序关联的命令和命令用户界面。
/ResetSettings	恢复 IDE 的默认设置，还可以重置为
		指定的 VSSettings 文件。
/ResetSkipPkgs	清除所有添加到 VSPackages 的 SkipLoading 标记。
/Run		编译并运行指定的解决方案。
/RunExit	编译并运行指定的解决方案然后关闭 IDE。
/SafeMode	以安全模式启动 IDE，加载最少数量的窗口。
/Upgrade	升级项目或解决方案以及其中的所有项目。
		并相应地创建这些文件的备份。有关备份
		过程的更多信息，请参见
		“Visual Studio 转换向导”上的帮助。

产品特定的开关: 


要从命令行附加调试器，请使用: 
	VsJITDebugger.exe -p <pid>


Compiling the CXX compiler identification source file "CMakeCXXCompilerId.cpp" failed.
Compiler:  
Build flags: 
Id flags:  

The output was:
1

Microsoft (R) Visual Studio 9.0.30729.1 版。
版权所有(C) Microsoft Corp。保留所有权利。

要求正数。
参数名: culture
解决方案配置无效

用法: 
devenv  [solutionfile | projectfile | anyfile.ext]  [switches]

devenv 的第一个参数通常是一个解决方案文件或项目文件。
如果您希望在编辑器中自动打开文件，
也可以使用任何其他文件作为第一个参数。当您输入项目文件时，IDE
会在项目文件的父目录中查找与该项目文件具有相同
基名称的 .sln 文件。如果不存在这样的 .sln 文件，
IDE 将查找引用该项目的单个 .sln 文件。如果不存在这样的单个
.sln 文件，则 IDE 将创建一个具有默认 .sln 文件名的未保存
的解决方案，其基名称与项目文件的基名称相同。

命令行生成:
devenv solutionfile.sln /build [ solutionconfig ] [ /project projectnameorfile [ /projectconfig name ] ]
可用的命令行开关:

/Build		使用指定的解决方案配置生成解决方案或
		项目。例如“Debug”。如果可能存在多个平台，
		则配置名称必须用引号括起来
		并且包含平台名称。例如“Debug|Win32”。
/Clean		删除生成结果。
/Command	启动 IDE 并执行该命令。
/Deploy		生成并部署指定的生成配置。
/Edit		在此应用程序的运行实例中打开
		指定文件。如果没有正在运行的实例，
		则启动一个具有简化窗口布局的新实例。 
/LCID		设置 IDE 中用于用户界面的默认语言。
/Log		将 IDE 活动记录到指定的文件以用于故障排除。
/NoVSIP		禁用用于 VSIP 测试的 VSIP 开发人员许可证密钥。
/Out		将生成日志追加到指定的文件中。
/Project	指定生成、清理或部署的项目。
		必须和 /Build、/Rebuild、/Clean 或 /Deploy 一起使用。
/ProjectConfig	重写解决方案
		配置中指定的项目配置。例如“Debug”。如果可能存在
		多个平台，则配置名称必须用引号括起来
		并包含平台名称。例如“Debug|Win32”。
		必须和 /Project 一起使用。
/Rebuild	先清理，然后使用指定配置生成
		解决方案或项目。
/ResetAddin	移除与特定外接程序关联的命令和命令用户界面。
/ResetSettings	恢复 IDE 的默认设置，还可以重置为
		指定的 VSSettings 文件。
/ResetSkipPkgs	清除所有添加到 VSPackages 的 SkipLoading 标记。
/Run		编译并运行指定的解决方案。
/RunExit	编译并运行指定的解决方案然后关闭 IDE。
/SafeMode	以安全模式启动 IDE，加载最少数量的窗口。
/Upgrade	升级项目或解决方案以及其中的所有项目。
		并相应地创建这些文件的备份。有关备份
		过程的更多信息，请参见
		“Visual Studio 转换向导”上的帮助。

产品特定的开关: 


要从命令行附加调试器，请使用: 
	VsJITDebugger.exe -p <pid>


